#-----------------------------------------------------------
# Vivado v2016.2 (64-bit)
# SW Build 1577090 on Thu Jun  2 16:32:40 MDT 2016
# IP Build 1577682 on Fri Jun  3 12:00:54 MDT 2016
# Start of session at: Mon Mar 19 19:59:36 2018
# Process ID: 7172
# Current directory: C:/Users/Xian Hao/Desktop/EE2026 Project Task 1/EE2026_Project_Template.xpr/audio_effects
# Command line: vivado.exe -gui_launcher_event rodinguilauncherevent6352 C:\Users\Xian Hao\Desktop\EE2026 Project Task 1\EE2026_Project_Template.xpr\audio_effects\audio_effects.xpr
# Log file: C:/Users/Xian Hao/Desktop/EE2026 Project Task 1/EE2026_Project_Template.xpr/audio_effects/vivado.log
# Journal file: C:/Users/Xian Hao/Desktop/EE2026 Project Task 1/EE2026_Project_Template.xpr/audio_effects\vivado.jou
#-----------------------------------------------------------
start_gui
open_project {C:/Users/Xian Hao/Desktop/EE2026 Project Task 1/EE2026_Project_Template.xpr/audio_effects/audio_effects.xpr}
INFO: [ProjectBase 1-489] The host OS only allows 260 characters in a normal path. The project is stored in a path with more than 80 characters. If you experience issues with IP, Block Designs, or files not being found, please consider moving the project to a location with a shorter path. Alternately consider using the OS subst command to map part of the path to a drive letter.
Current project path is 'C:/Users/Xian Hao/Desktop/EE2026 Project Task 1/EE2026_Project_Template.xpr/audio_effects'
Scanning sources...
Finished scanning sources
INFO: [IP_Flow 19-234] Refreshing IP repositories
INFO: [IP_Flow 19-1704] No user IP repositories specified
INFO: [IP_Flow 19-2313] Loaded Vivado IP repository 'C:/Xilinx/Vivado/2016.2/data/ip'.
open_project: Time (s): cpu = 00:00:23 ; elapsed = 00:00:15 . Memory (MB): peak = 780.219 ; gain = 124.031
update_compile_order -fileset sources_1
close [ open {C:/Users/Xian Hao/Desktop/EE2026 Project Task 1/EE2026_Project_Template.xpr/audio_effects/audio_effects.srcs/sources_1/new/clock_c.v} w ]
add_files {{C:/Users/Xian Hao/Desktop/EE2026 Project Task 1/EE2026_Project_Template.xpr/audio_effects/audio_effects.srcs/sources_1/new/clock_c.v}}
update_compile_order -fileset sources_1
update_compile_order -fileset sources_1
exit
