Copyright 1986-2016 Xilinx, Inc. All Rights Reserved.
----------------------------------------------------------------------------------------------------------------------------------------------------------
| Tool Version     : Vivado v.2016.2 (win64) Build 1577090 Thu Jun  2 16:32:40 MDT 2016
| Date             : Sat Apr 07 22:31:52 2018
| Host             : DESKTOP-AUP50F2 running 64-bit major release  (build 9200)
| Command          : report_power -file AUDIO_FX_TOP_power_routed.rpt -pb AUDIO_FX_TOP_power_summary_routed.pb -rpx AUDIO_FX_TOP_power_routed.rpx
| Design           : AUDIO_FX_TOP
| Device           : xc7a35tcpg236-1
| Design State     : routed
| Grade            : commercial
| Process          : typical
| Characterization : Production
----------------------------------------------------------------------------------------------------------------------------------------------------------

Power Report

Table of Contents
-----------------
1. Summary
1.1 On-Chip Components
1.2 Power Supply Summary
1.3 Confidence Level
2. Settings
2.1 Environment
2.2 Clock Constraints
3. Detailed Reports
3.1 By Hierarchy

1. Summary
----------

+--------------------------+-------+
| Total On-Chip Power (W)  | 0.112 |
| Dynamic (W)              | 0.039 |
| Device Static (W)        | 0.072 |
| Effective TJA (C/W)      | 5.0   |
| Max Ambient (C)          | 84.4  |
| Junction Temperature (C) | 25.6  |
| Confidence Level         | Low   |
| Setting File             | ---   |
| Simulation Activity File | ---   |
| Design Nets Matched      | NA    |
+--------------------------+-------+


1.1 On-Chip Components
----------------------

+----------------+-----------+----------+-----------+-----------------+
| On-Chip        | Power (W) | Used     | Available | Utilization (%) |
+----------------+-----------+----------+-----------+-----------------+
| Clocks         |     0.004 |        3 |       --- |             --- |
| Slice Logic    |     0.003 |     1521 |       --- |             --- |
|   LUT as Logic |     0.002 |      597 |     20800 |            2.87 |
|   Register     |    <0.001 |      680 |     41600 |            1.63 |
|   CARRY4       |    <0.001 |      113 |      8150 |            1.39 |
|   BUFG         |    <0.001 |        3 |        32 |            9.38 |
|   F7/F8 Muxes  |    <0.001 |        1 |     32600 |           <0.01 |
|   Others       |     0.000 |       51 |       --- |             --- |
| Signals        |     0.003 |     1213 |       --- |             --- |
| Block RAM      |    <0.001 |      7.5 |        50 |           15.00 |
| I/O            |     0.029 |       54 |       106 |           50.94 |
| Static Power   |     0.072 |          |           |                 |
| Total          |     0.112 |          |           |                 |
+----------------+-----------+----------+-----------+-----------------+


1.2 Power Supply Summary
------------------------

+-----------+-------------+-----------+-------------+------------+
| Source    | Voltage (V) | Total (A) | Dynamic (A) | Static (A) |
+-----------+-------------+-----------+-------------+------------+
| Vccint    |       1.000 |     0.020 |       0.010 |      0.010 |
| Vccaux    |       1.800 |     0.014 |       0.001 |      0.013 |
| Vcco33    |       3.300 |     0.009 |       0.008 |      0.001 |
| Vcco25    |       2.500 |     0.000 |       0.000 |      0.000 |
| Vcco18    |       1.800 |     0.000 |       0.000 |      0.000 |
| Vcco15    |       1.500 |     0.000 |       0.000 |      0.000 |
| Vcco135   |       1.350 |     0.000 |       0.000 |      0.000 |
| Vcco12    |       1.200 |     0.000 |       0.000 |      0.000 |
| Vccaux_io |       1.800 |     0.000 |       0.000 |      0.000 |
| Vccbram   |       1.000 |     0.000 |       0.000 |      0.000 |
| MGTAVcc   |       1.000 |     0.000 |       0.000 |      0.000 |
| MGTAVtt   |       1.200 |     0.000 |       0.000 |      0.000 |
| Vccadc    |       1.800 |     0.020 |       0.000 |      0.020 |
+-----------+-------------+-----------+-------------+------------+


1.3 Confidence Level
--------------------

+-----------------------------+------------+--------------------------------------------------------+--------------------------------------------------------------------------------------------------------------------+
| User Input Data             | Confidence | Details                                                | Action                                                                                                             |
+-----------------------------+------------+--------------------------------------------------------+--------------------------------------------------------------------------------------------------------------------+
| Design implementation state | High       | Design is routed                                       |                                                                                                                    |
| Clock nodes activity        | Low        | User specified less than 75% of clocks                 | Provide missing clock activity with a constraint file, simulation results or by editing the "By Clock Domain" view |
| I/O nodes activity          | Low        | More than 75% of inputs are missing user specification | Provide missing input activity with simulation results or by editing the "By Resource Type -> I/Os" view           |
| Internal nodes activity     | Medium     | User specified less than 25% of internal nodes         | Provide missing internal nodes activity with simulation results or by editing the "By Resource Type" views         |
| Device models               | High       | Device models are Production                           |                                                                                                                    |
|                             |            |                                                        |                                                                                                                    |
| Overall confidence level    | Low        |                                                        |                                                                                                                    |
+-----------------------------+------------+--------------------------------------------------------+--------------------------------------------------------------------------------------------------------------------+


2. Settings
-----------

2.1 Environment
---------------

+-----------------------+--------------------------+
| Ambient Temp (C)      | 25.0                     |
| ThetaJA (C/W)         | 5.0                      |
| Airflow (LFM)         | 250                      |
| Heat Sink             | medium (Medium Profile)  |
| ThetaSA (C/W)         | 4.6                      |
| Board Selection       | medium (10"x10")         |
| # of Board Layers     | 12to15 (12 to 15 Layers) |
| Board Temperature (C) | 25.0                     |
+-----------------------+--------------------------+


2.2 Clock Constraints
---------------------

+-------------+--------+-----------------+
| Clock       | Domain | Constraint (ns) |
+-------------+--------+-----------------+
| sys_clk_pin | CLK    |            10.0 |
+-------------+--------+-----------------+


3. Detailed Reports
-------------------

3.1 By Hierarchy
----------------

+-------------------+-----------+
| Name              | Power (W) |
+-------------------+-----------+
| AUDIO_FX_TOP      |     0.039 |
|   alarm_unit      |    <0.001 |
|     alarm_display |    <0.001 |
|     alarm_main    |    <0.001 |
|     alarm_setting |    <0.001 |
|   clock_unit1     |    <0.001 |
|   clock_unit2     |    <0.001 |
|   clock_unit3     |    <0.001 |
|   clock_unit4     |    <0.001 |
|   clock_unit5     |    <0.001 |
|   clock_unit6     |    <0.001 |
|   clock_unit7     |    <0.001 |
|   clock_unit8     |    <0.001 |
|   clock_unit9     |    <0.001 |
|   delay1          |     0.000 |
|   note_a          |    <0.001 |
|   note_b          |    <0.001 |
|   note_c          |    <0.001 |
|   note_d          |    <0.001 |
|   note_e          |    <0.001 |
|   note_f          |    <0.001 |
|   note_g          |    <0.001 |
|   p_down1         |    <0.001 |
|   p_up1           |     0.001 |
|   siren           |    <0.001 |
|   u1              |    <0.001 |
|   u2              |    <0.001 |
+-------------------+-----------+


